<?xml version="1.0" encoding="UTF-8"?>
<!-- Generated by org.testng.reporters.JUnitReportReporter -->
<testsuite hostname="DESKTOP-1HVA5OC" failures="0" tests="2" name="com.testscript.TestScript001" time="3.349" errors="0" timestamp="2023-07-03T12:10:50 IST" skipped="0">
  <testcase classname="com.testscript.TestScript001" name="ts_001" time="2.608"/>
  <system-out/>
  <testcase classname="com.testscript.TestScript001" name="ts_001" time="0.741"/>
  <system-out/>
</testsuite> <!-- com.testscript.TestScript001 -->
