<?xml version="1.0" encoding="UTF-8"?>
<!-- Generated by org.testng.reporters.JUnitReportReporter -->
<testsuite hostname="DESKTOP-1HVA5OC" failures="0" tests="1" name="com.testscript.HiniyaScript" time="6.398" errors="0" timestamp="2023-06-21T17:06:16 IST" skipped="0">
  <testcase classname="com.testscript.HiniyaScript" name="hc01" time="6.398"/>
  <system-out/>
</testsuite> <!-- com.testscript.HiniyaScript -->
